<?xml version="1.0" encoding="UTF-8"?>
<!-- Generated by org.testng.reporters.JUnitReportReporter -->
<testsuite skipped="0" hostname="admin" name="com.crm.qa.testcases.LoginPageTest" tests="3" failures="0" timestamp="11 Dec 2018 08:39:39 GMT" time="122.049" errors="0">
  <testcase name="loginPageTitleTest" time="31.284" classname="com.crm.qa.testcases.LoginPageTest"/>
  <testcase name="crmLogoImageTest" time="24.392" classname="com.crm.qa.testcases.LoginPageTest"/>
  <testcase name="loginTest" time="66.373" classname="com.crm.qa.testcases.LoginPageTest"/>
</testsuite> <!-- com.crm.qa.testcases.LoginPageTest -->
