<?xml version="1.0" encoding="UTF-8"?>
<!-- Generated by org.testng.reporters.JUnitReportReporter -->
<testsuite skipped="0" hostname="admin" name="com.crm.qa.testcases.LoginPageTest" tests="3" failures="0" timestamp="11 Dec 2018 12:10:06 GMT" time="122.544" errors="0">
  <testcase name="loginPageTitleTest" time="30.363" classname="com.crm.qa.testcases.LoginPageTest"/>
  <testcase name="crmLogoImageTest" time="27.476" classname="com.crm.qa.testcases.LoginPageTest"/>
  <testcase name="loginTest" time="64.705" classname="com.crm.qa.testcases.LoginPageTest"/>
</testsuite> <!-- com.crm.qa.testcases.LoginPageTest -->
